<?xml version="1.0" encoding="UTF-8"?>
<!-- Generated by org.testng.reporters.JUnitXMLReporter -->
<testsuite ignored="0" hostname="hp" failures="1" tests="5" name="Test" time="4.975" errors="0" timestamp="2024-01-31T16:24:18 IST">
  <testcase classname="ecommerse.Login" name="logintoApp" time="3.255"/>
  <testcase classname="ecommerse.AddProductInEcommerse" name="add_Product" time="0.812"/>
  <testcase classname="ecommerse.PlaceOrderEcommerse" name="PlaceOrder" time="0.501"/>
  <testcase classname="ecommerse.OrderDeleteFromOrder" name="deleteOrder" time="0.009">
    <failure type="java.lang.IllegalArgumentException" message="parameterValue cannot be null">
      <![CDATA[java.lang.IllegalArgumentException: parameterValue cannot be null
at org.codehaus.groovy.runtime.callsite.ConstructorSite$ConstructorSiteNoUnwrap.callConstructor(ConstructorSite.java:86)
at org.codehaus.groovy.runtime.callsite.CallSiteArray.defaultCallConstructor(CallSiteArray.java:57)
at org.codehaus.groovy.runtime.callsite.AbstractCallSite.callConstructor(AbstractCallSite.java:263)
at org.codehaus.groovy.runtime.callsite.AbstractCallSite.callConstructor(AbstractCallSite.java:277)
at io.restassured.internal.common.assertion.AssertParameter.notNull(AssertParameter.groovy:26)
at io.restassured.internal.common.assertion.AssertParameter$notNull.callStatic(Unknown Source)
at org.codehaus.groovy.runtime.callsite.CallSiteArray.defaultCallStatic(CallSiteArray.java:53)
at org.codehaus.groovy.runtime.callsite.AbstractCallSite.callStatic(AbstractCallSite.java:217)
at org.codehaus.groovy.runtime.callsite.AbstractCallSite.callStatic(AbstractCallSite.java:240)
at io.restassured.internal.RequestSpecificationImpl.pathParam(RequestSpecificationImpl.groovy:515)
at ecommerse.OrderDeleteFromOrder.deleteOrder(OrderDeleteFromOrder.java:22)
at java.base/java.util.ArrayList.forEach(ArrayList.java:1511)
... Removed 34 stack frames]]>
    </failure>
  </testcase> <!-- deleteOrder -->
  <testcase classname="ecommerse.DeleteProductApi" name="delete_Product" time="0.321"/>
</testsuite> <!-- Test -->
